<?xml version="1.0" encoding="UTF-8"?>
<testng-results skipped="0" failed="0" ignored="0" total="8" passed="8">
  <reporter-output>
  </reporter-output>
  <suite name="com.nasa.tests.TestSuit" duration-ms="15757" started-at="2022-02-19T08:37:08Z" finished-at="2022-02-19T08:37:23Z">
    <groups>
    </groups>
    <test name="Command line test" duration-ms="15757" started-at="2022-02-19T08:37:08Z" finished-at="2022-02-19T08:37:23Z">
      <class name="com.nasa.tests.TestSuit">
        <test-method status="PASS" signature="VerifyFieldsNotNull()[pri:0, instance:com.nasa.tests.TestSuit@3a03464]" name="VerifyFieldsNotNull" duration-ms="7324" started-at="2022-02-19T08:37:08Z" description="Verify that the field object is not empty" finished-at="2022-02-19T08:37:15Z">
          <reporter-output>
          </reporter-output>
        </test-method> <!-- VerifyFieldsNotNull -->
        <test-method status="PASS" signature="VerifyDataNotNull()[pri:1, instance:com.nasa.tests.TestSuit@3a03464]" name="VerifyDataNotNull" duration-ms="0" started-at="2022-02-19T08:37:15Z" description="Verify that the Data object is not empty" finished-at="2022-02-19T08:37:15Z">
          <reporter-output>
          </reporter-output>
        </test-method> <!-- VerifyDataNotNull -->
        <test-method status="PASS" signature="VerifySignatureNotNull()[pri:2, instance:com.nasa.tests.TestSuit@3a03464]" name="VerifySignatureNotNull" duration-ms="25" started-at="2022-02-19T08:37:15Z" description="Verify that the Signature object is not empty" finished-at="2022-02-19T08:37:15Z">
          <reporter-output>
          </reporter-output>
        </test-method> <!-- VerifySignatureNotNull -->
        <test-method status="PASS" signature="VerifyCountNotNull()[pri:3, instance:com.nasa.tests.TestSuit@3a03464]" name="VerifyCountNotNull" duration-ms="27" started-at="2022-02-19T08:37:15Z" description="Verify that the Count is not empty" finished-at="2022-02-19T08:37:15Z">
          <reporter-output>
          </reporter-output>
        </test-method> <!-- VerifyCountNotNull -->
        <test-method status="PASS" signature="VerifyCountNotNull2()[pri:4, instance:com.nasa.tests.TestSuit@3a03464]" name="VerifyCountNotNull2" duration-ms="1357" started-at="2022-02-19T08:37:15Z" description="Verify that the Count is not empty" finished-at="2022-02-19T08:37:17Z">
          <reporter-output>
          </reporter-output>
        </test-method> <!-- VerifyCountNotNull2 -->
        <test-method status="PASS" signature="VerifyFilterValuesNotNull()[pri:5, instance:com.nasa.tests.TestSuit@3a03464]" name="VerifyFilterValuesNotNull" duration-ms="1353" started-at="2022-02-19T08:37:17Z" description="Verify that all the filter values are available" finished-at="2022-02-19T08:37:18Z">
          <reporter-output>
          </reporter-output>
        </test-method> <!-- VerifyFilterValuesNotNull -->
        <test-method status="PASS" signature="VerifyDataValuesNotNull()[pri:6, instance:com.nasa.tests.TestSuit@3a03464]" name="VerifyDataValuesNotNull" duration-ms="1392" started-at="2022-02-19T08:37:18Z" description="Verify that all the data array values are available" finished-at="2022-02-19T08:37:19Z">
          <reporter-output>
          </reporter-output>
        </test-method> <!-- VerifyDataValuesNotNull -->
        <test-method status="PASS" signature="VerifyTheStatusCodes()[pri:7, instance:com.nasa.tests.TestSuit@3a03464]" name="VerifyTheStatusCodes" duration-ms="4152" started-at="2022-02-19T08:37:19Z" description="Verify that all the status codes are working as expected" finished-at="2022-02-19T08:37:23Z">
          <reporter-output>
          </reporter-output>
        </test-method> <!-- VerifyTheStatusCodes -->
      </class> <!-- com.nasa.tests.TestSuit -->
    </test> <!-- Command line test -->
  </suite> <!-- com.nasa.tests.TestSuit -->
</testng-results>
