<?xml version="1.0" encoding="UTF-8" ?>
<testsuite tests="8" failures="0" name="com.nasa.tests.TestSuit" time="9.876" errors="0" skipped="0">
  <properties>
[...]
</properties>
  <testcase classname="com.nasa.tests.TestSuit" name="VerifyFieldsNotNull" time="2.795"/>
  <testcase classname="com.nasa.tests.TestSuit" name="VerifyDataNotNull" time="0"/>
  <testcase classname="com.nasa.tests.TestSuit" name="VerifySignatureNotNull" time="0.008"/>
  <testcase classname="com.nasa.tests.TestSuit" name="VerifyCountNotNull" time="0.009"/>
  <testcase classname="com.nasa.tests.TestSuit" name="VerifyCountNotNull2" time="1.876"/>
  <testcase classname="com.nasa.tests.TestSuit" name="VerifyFilterValuesNotNull" time="1.52"/>
  <testcase classname="com.nasa.tests.TestSuit" name="VerifyDataValuesNotNull" time="1.776"/>
  <testcase classname="com.nasa.tests.TestSuit" name="VerifyTheStatusCodes" time="1.892"/>
</testsuite>