<?xml version="1.0" encoding="UTF-8"?>
<!-- Generated by org.testng.reporters.JUnitXMLReporter -->
<testsuite hostname="Mehedis-MacBook-Pro.local" ignored="0" name="Command line test" tests="8" failures="0" timestamp="19 Feb 2022 06:55:11 GMT" time="9.891" errors="0">
  <testcase name="VerifyFieldsNotNull" time="2.793" classname="com.nasa.tests.TestSuit"/>
  <testcase name="VerifyDataNotNull" time="0.0" classname="com.nasa.tests.TestSuit"/>
  <testcase name="VerifySignatureNotNull" time="0.007" classname="com.nasa.tests.TestSuit"/>
  <testcase name="VerifyCountNotNull" time="0.009" classname="com.nasa.tests.TestSuit"/>
  <testcase name="VerifyCountNotNull2" time="1.876" classname="com.nasa.tests.TestSuit"/>
  <testcase name="VerifyFilterValuesNotNull" time="1.52" classname="com.nasa.tests.TestSuit"/>
  <testcase name="VerifyDataValuesNotNull" time="1.776" classname="com.nasa.tests.TestSuit"/>
  <testcase name="VerifyTheStatusCodes" time="1.892" classname="com.nasa.tests.TestSuit"/>
</testsuite> <!-- Command line test -->
